<?xml version="1.0" encoding="UTF-8"?>
<!-- Generated by org.testng.reporters.JUnitReportReporter -->
<testsuite hostname="DESKTOP-9JU3N4G" failures="0" tests="1" name="PageAutomation.Sign_up" time="38.484" errors="0" timestamp="2023-03-30T12:35:13 IST" skipped="0">
  <testcase classname="PageAutomation.Sign_up" name="sign_up_testing" time="38.484"/>
  <system-out/>
</testsuite> <!-- PageAutomation.Sign_up -->
