<?xml version="1.0" encoding="UTF-8"?>
<!-- Generated by org.testng.reporters.JUnitReportReporter -->
<testsuite hostname="DESKTOP-9JU3N4G" failures="0" tests="1" name="PageAutomation.Assessment" time="10.061" errors="0" timestamp="2023-04-17T01:14:47 IST" skipped="0">
  <testcase classname="PageAutomation.Assessment" name="assessment_stream" time="10.061"/>
  <system-out/>
</testsuite> <!-- PageAutomation.Assessment -->
