<?xml version="1.0" encoding="UTF-8"?>
<!-- Generated by org.testng.reporters.JUnitReportReporter -->
<testsuite hostname="DESKTOP-9JU3N4G" failures="0" tests="1" name="PageAutomation.My_Profile" time="122.145" errors="0" timestamp="2023-04-05T13:46:51 IST" skipped="0">
  <testcase classname="PageAutomation.My_Profile" name="sign_up_testing" time="122.145"/>
  <system-out/>
</testsuite> <!-- PageAutomation.My_Profile -->
