<?xml version="1.0" encoding="UTF-8"?>
<!-- Generated by org.testng.reporters.JUnitReportReporter -->
<testsuite hostname="DESKTOP-9JU3N4G" failures="0" tests="1" name="PageAutomation.print_in_excel" time="1.182" errors="0" timestamp="2023-04-21T12:00:56 IST" skipped="0">
  <testcase classname="PageAutomation.print_in_excel" name="excel" time="1.182"/>
  <system-out/>
</testsuite> <!-- PageAutomation.print_in_excel -->
