<?xml version="1.0" encoding="UTF-8"?>
<!-- Generated by org.testng.reporters.JUnitReportReporter -->
<testsuite hostname="DESKTOP-9JU3N4G" failures="0" tests="1" name="PageAutomation.My_Profile" time="109.885" errors="0" timestamp="2023-04-16T00:46:00 IST" skipped="0">
  <testcase classname="PageAutomation.My_Profile" name="sign_up_testing" time="109.885"/>
  <system-out/>
</testsuite> <!-- PageAutomation.My_Profile -->
